<?xml version="1.0" encoding="UTF-8"?>
<!-- Generated by org.testng.reporters.JUnitReportReporter -->
<testsuite hostname="MONO-HYD-LAP-12" name="sdet.DownloadFile" tests="1" failures="0" timestamp="24 Oct 2019 16:52:36 GMT" time="18.383" errors="0">
  <testcase name="login" time="18.383" classname="sdet.DownloadFile"/>
</testsuite> <!-- sdet.DownloadFile -->
