<?xml version="1.0" encoding="UTF-8"?>
<!-- Generated by org.testng.reporters.JUnitReportReporter -->
<testsuite hostname="MONO-HYD-LAP-12" name="mukeshOtwani.UploadFile" tests="1" failures="0" timestamp="24 Oct 2019 11:34:49 GMT" time="73.818" errors="0">
  <testcase name="login" time="73.818" classname="mukeshOtwani.UploadFile"/>
</testsuite> <!-- mukeshOtwani.UploadFile -->
