<?xml version="1.0" encoding="UTF-8"?>
<!-- Generated by org.testng.reporters.JUnitReportReporter -->
<testsuite hostname="MONO-HYD-LAP-12" name="sdet.DownloadFile_FireFoxBrowser" tests="1" failures="0" timestamp="24 Oct 2019 17:09:23 GMT" time="12.561" errors="0">
  <testcase name="login" time="12.561" classname="sdet.DownloadFile_FireFoxBrowser"/>
</testsuite> <!-- sdet.DownloadFile_FireFoxBrowser -->
