<?xml version="1.0" encoding="UTF-8"?>
<!-- Generated by org.testng.reporters.JUnitReportReporter -->
<testsuite skipped="0" hostname="LAPTOP-D0CIFDTL" name="sdet.DownloadFile_ChromeBrowser" tests="1" failures="0" timestamp="2022-11-02T17:48:32 IST" time="7.170" errors="0">
  <testcase name="login" time="7.170" classname="sdet.DownloadFile_ChromeBrowser"/>
  <system-out/>
</testsuite> <!-- sdet.DownloadFile_ChromeBrowser -->
