<?xml version="1.0" encoding="UTF-8"?>
<!-- Generated by org.testng.reporters.JUnitReportReporter -->
<testsuite hostname="MONO-HYD-LAP-12" name="mukeshOtwani.TestClass" tests="1" failures="0" timestamp="23 Oct 2019 18:07:30 GMT" time="12.089" errors="0">
  <testcase name="f" time="12.089" classname="mukeshOtwani.TestClass"/>
</testsuite> <!-- mukeshOtwani.TestClass -->
