<?xml version="1.0" encoding="UTF-8"?>
<!-- Generated by org.testng.reporters.JUnitReportReporter -->
<testsuite skipped="0" hostname="LAPTOP-D0CIFDTL" name="mukeshOtwani.GmailLogin" tests="1" failures="0" timestamp="2022-11-02T14:48:27 IST" time="13.794" errors="0">
  <testcase name="login" time="13.794" classname="mukeshOtwani.GmailLogin"/>
  <system-out/>
</testsuite> <!-- mukeshOtwani.GmailLogin -->
