<?xml version="1.0" encoding="UTF-8"?>
<!-- Generated by org.testng.reporters.JUnitReportReporter -->
<testsuite skipped="0" hostname="LAPTOP-D0CIFDTL" name="sdet.UploadFile" tests="1" failures="0" timestamp="2022-11-02T14:38:36 IST" time="8.503" errors="0">
  <testcase name="login" time="8.503" classname="sdet.UploadFile"/>
  <system-out/>
</testsuite> <!-- sdet.UploadFile -->
